16:14:37.647 [main] INFO  BackendApplication -Starting BackendApplication using Java 1.8.0_251 on joowingdeiMac-2.local with PID 37609 (/Users/joowing/Documents/project/backend/target/classes started by joowing in /Users/joowing/Documents/project/backend)
16:14:37.654 [main] INFO  BackendApplication -No active profile set, falling back to default profiles: default
16:14:38.950 [main] INFO  Http11NioProtocol -Initializing ProtocolHandler ["http-nio-80"]
16:14:38.951 [main] INFO  StandardService -Starting service [Tomcat]
16:14:38.951 [main] INFO  StandardEngine -Starting Servlet engine: [Apache Tomcat/9.0.44]
16:14:39.050 [main] INFO  [/] -Initializing Spring embedded WebApplicationContext
16:14:40.435 [main] INFO  Http11NioProtocol -Starting ProtocolHandler ["http-nio-80"]
16:14:40.473 [main] INFO  BackendApplication -Started BackendApplication in 3.376 seconds (JVM running for 3.811)
16:15:36.844 [http-nio-80-exec-1] INFO  [/] -Initializing Spring DispatcherServlet 'dispatcherServlet'
16:15:36.857 [http-nio-80-exec-1] WARN  DefaultHandlerExceptionResolver -Resolved [org.springframework.web.HttpRequestMethodNotSupportedException: Request method 'GET' not supported]
16:15:49.037 [http-nio-80-exec-2] ERROR [dispatcherServlet] -Servlet.service() for servlet [dispatcherServlet] in context with path [] threw exception [Request processing failed; nested exception is java.lang.IllegalStateException: Ambiguous handler methods mapped for '/staff/3': {public void com.tian.backend.user.controller.StaffController.updateName(java.lang.String,java.lang.String), public com.tian.backend.user.model.Staff com.tian.backend.user.controller.StaffController.update(java.lang.Long,com.tian.backend.user.model.Staff)}] with root cause
java.lang.IllegalStateException: Ambiguous handler methods mapped for '/staff/3': {public void com.tian.backend.user.controller.StaffController.updateName(java.lang.String,java.lang.String), public com.tian.backend.user.model.Staff com.tian.backend.user.controller.StaffController.update(java.lang.Long,com.tian.backend.user.model.Staff)}
	at org.springframework.web.servlet.handler.AbstractHandlerMethodMapping.lookupHandlerMethod(AbstractHandlerMethodMapping.java:425)
	at org.springframework.web.servlet.handler.AbstractHandlerMethodMapping.getHandlerInternal(AbstractHandlerMethodMapping.java:376)
	at org.springframework.web.servlet.mvc.method.RequestMappingInfoHandlerMapping.getHandlerInternal(RequestMappingInfoHandlerMapping.java:123)
	at org.springframework.web.servlet.mvc.method.RequestMappingInfoHandlerMapping.getHandlerInternal(RequestMappingInfoHandlerMapping.java:66)
	at org.springframework.web.servlet.handler.AbstractHandlerMapping.getHandler(AbstractHandlerMapping.java:498)
	at org.springframework.web.servlet.DispatcherServlet.getHandler(DispatcherServlet.java:1254)
	at org.springframework.web.servlet.DispatcherServlet.doDispatch(DispatcherServlet.java:1036)
	at org.springframework.web.servlet.DispatcherServlet.doService(DispatcherServlet.java:962)
	at org.springframework.web.servlet.FrameworkServlet.processRequest(FrameworkServlet.java:1006)
	at org.springframework.web.servlet.FrameworkServlet.doPut(FrameworkServlet.java:920)
	at javax.servlet.http.HttpServlet.service(HttpServlet.java:655)
	at org.springframework.web.servlet.FrameworkServlet.service(FrameworkServlet.java:883)
	at javax.servlet.http.HttpServlet.service(HttpServlet.java:733)
	at org.apache.catalina.core.ApplicationFilterChain.internalDoFilter(ApplicationFilterChain.java:227)
	at org.apache.catalina.core.ApplicationFilterChain.doFilter(ApplicationFilterChain.java:162)
	at org.apache.tomcat.websocket.server.WsFilter.doFilter(WsFilter.java:53)
	at org.apache.catalina.core.ApplicationFilterChain.internalDoFilter(ApplicationFilterChain.java:189)
	at org.apache.catalina.core.ApplicationFilterChain.doFilter(ApplicationFilterChain.java:162)
	at org.springframework.web.filter.RequestContextFilter.doFilterInternal(RequestContextFilter.java:100)
	at org.springframework.web.filter.OncePerRequestFilter.doFilter(OncePerRequestFilter.java:119)
	at org.apache.catalina.core.ApplicationFilterChain.internalDoFilter(ApplicationFilterChain.java:189)
	at org.apache.catalina.core.ApplicationFilterChain.doFilter(ApplicationFilterChain.java:162)
	at org.springframework.web.filter.FormContentFilter.doFilterInternal(FormContentFilter.java:93)
	at org.springframework.web.filter.OncePerRequestFilter.doFilter(OncePerRequestFilter.java:119)
	at org.apache.catalina.core.ApplicationFilterChain.internalDoFilter(ApplicationFilterChain.java:189)
	at org.apache.catalina.core.ApplicationFilterChain.doFilter(ApplicationFilterChain.java:162)
	at org.springframework.web.filter.CharacterEncodingFilter.doFilterInternal(CharacterEncodingFilter.java:201)
	at org.springframework.web.filter.OncePerRequestFilter.doFilter(OncePerRequestFilter.java:119)
	at org.apache.catalina.core.ApplicationFilterChain.internalDoFilter(ApplicationFilterChain.java:189)
	at org.apache.catalina.core.ApplicationFilterChain.doFilter(ApplicationFilterChain.java:162)
	at org.apache.catalina.core.StandardWrapperValve.invoke(StandardWrapperValve.java:202)
	at org.apache.catalina.core.StandardContextValve.invoke(StandardContextValve.java:97)
	at org.apache.catalina.authenticator.AuthenticatorBase.invoke(AuthenticatorBase.java:542)
	at org.apache.catalina.core.StandardHostValve.invoke(StandardHostValve.java:143)
	at org.apache.catalina.valves.ErrorReportValve.invoke(ErrorReportValve.java:92)
	at org.apache.catalina.core.StandardEngineValve.invoke(StandardEngineValve.java:78)
	at org.apache.catalina.connector.CoyoteAdapter.service(CoyoteAdapter.java:357)
	at org.apache.coyote.http11.Http11Processor.service(Http11Processor.java:374)
	at org.apache.coyote.AbstractProcessorLight.process(AbstractProcessorLight.java:65)
	at org.apache.coyote.AbstractProtocol$ConnectionHandler.process(AbstractProtocol.java:893)
	at org.apache.tomcat.util.net.NioEndpoint$SocketProcessor.doRun(NioEndpoint.java:1707)
	at org.apache.tomcat.util.net.SocketProcessorBase.run(SocketProcessorBase.java:49)
	at java.util.concurrent.ThreadPoolExecutor.runWorker(ThreadPoolExecutor.java:1149)
	at java.util.concurrent.ThreadPoolExecutor$Worker.run(ThreadPoolExecutor.java:624)
	at org.apache.tomcat.util.threads.TaskThread$WrappingRunnable.run(TaskThread.java:61)
	at java.lang.Thread.run(Thread.java:748)
16:16:20.840 [main] INFO  BackendApplication -Starting BackendApplication using Java 1.8.0_251 on joowingdeiMac-2.local with PID 37629 (/Users/joowing/Documents/project/backend/target/classes started by joowing in /Users/joowing/Documents/project/backend)
16:16:20.842 [main] INFO  BackendApplication -No active profile set, falling back to default profiles: default
16:16:21.751 [main] INFO  Http11NioProtocol -Initializing ProtocolHandler ["http-nio-80"]
16:16:21.751 [main] INFO  StandardService -Starting service [Tomcat]
16:16:21.751 [main] INFO  StandardEngine -Starting Servlet engine: [Apache Tomcat/9.0.44]
16:16:21.800 [main] INFO  [/] -Initializing Spring embedded WebApplicationContext
16:16:23.027 [main] INFO  Http11NioProtocol -Starting ProtocolHandler ["http-nio-80"]
16:16:23.058 [main] INFO  BackendApplication -Started BackendApplication in 2.55 seconds (JVM running for 2.959)
16:16:25.406 [http-nio-80-exec-1] INFO  [/] -Initializing Spring DispatcherServlet 'dispatcherServlet'
16:16:25.519 [http-nio-80-exec-1] INFO  HikariDataSource -HikariPool-1 - Starting...
16:16:25.977 [http-nio-80-exec-1] INFO  HikariDataSource -HikariPool-1 - Start completed.
16:30:00.001 [scheduling-1] INFO  AccessTokenJob -定时任务刷新accessToken开始 : 2021-07-02T16:30:00.001
16:30:00.126 [scheduling-1] INFO  AccessTokenJob -获取到的JSON为: {"errcode":40164,"errmsg":"invalid ip 116.236.17.59 ipv6 ::ffff:116.236.17.59, not in whitelist rid: 60dece88-466ded90-1602bcd1"}
16:30:00.127 [scheduling-1] INFO  AccessTokenJob -定时任务刷新accessToken结束 : 2021-07-02T16:30:00.127 新的token为:null
16:59:59.994 [scheduling-1] INFO  AccessTokenJob -定时任务刷新accessToken开始 : 2021-07-02T16:59:59.994
17:00:00.088 [scheduling-1] INFO  AccessTokenJob -获取到的JSON为: {"errcode":40164,"errmsg":"invalid ip 116.236.17.59 ipv6 ::ffff:116.236.17.59, not in whitelist rid: 60ded590-73f37cad-036afb42"}
17:00:00.088 [scheduling-1] INFO  AccessTokenJob -定时任务刷新accessToken结束 : 2021-07-02T17:00:00.088 新的token为:null
17:29:59.999 [scheduling-1] INFO  AccessTokenJob -定时任务刷新accessToken开始 : 2021-07-02T17:29:59.999
17:30:00.119 [scheduling-1] INFO  AccessTokenJob -获取到的JSON为: {"errcode":40164,"errmsg":"invalid ip 116.236.17.59 ipv6 ::ffff:116.236.17.59, not in whitelist rid: 60dedc98-63ec90b4-570da81a"}
17:30:00.119 [scheduling-1] INFO  AccessTokenJob -定时任务刷新accessToken结束 : 2021-07-02T17:30:00.119 新的token为:null
17:59:59.992 [scheduling-1] INFO  AccessTokenJob -定时任务刷新accessToken开始 : 2021-07-02T17:59:59.992
18:00:00.104 [scheduling-1] INFO  AccessTokenJob -获取到的JSON为: {"errcode":40164,"errmsg":"invalid ip 116.236.17.59 ipv6 ::ffff:116.236.17.59, not in whitelist rid: 60dee3a0-510f8781-27c71818"}
18:00:00.104 [scheduling-1] INFO  AccessTokenJob -定时任务刷新accessToken结束 : 2021-07-02T18:00:00.104 新的token为:null
18:29:59.997 [scheduling-1] INFO  AccessTokenJob -定时任务刷新accessToken开始 : 2021-07-02T18:29:59.997
18:30:00.118 [scheduling-1] INFO  AccessTokenJob -获取到的JSON为: {"errcode":40164,"errmsg":"invalid ip 116.236.17.59 ipv6 ::ffff:116.236.17.59, not in whitelist rid: 60deeaa8-42f170db-0114fd1e"}
18:30:00.118 [scheduling-1] INFO  AccessTokenJob -定时任务刷新accessToken结束 : 2021-07-02T18:30:00.118 新的token为:null
19:00:00.001 [scheduling-1] INFO  AccessTokenJob -定时任务刷新accessToken开始 : 2021-07-02T19:00:00.001
19:00:00.139 [scheduling-1] INFO  AccessTokenJob -获取到的JSON为: {"errcode":40164,"errmsg":"invalid ip 116.236.17.59 ipv6 ::ffff:116.236.17.59, not in whitelist rid: 60def1b0-37c433fe-154712a5"}
19:00:00.140 [scheduling-1] INFO  AccessTokenJob -定时任务刷新accessToken结束 : 2021-07-02T19:00:00.140 新的token为:null
20:34:24.807 [HikariPool-1 housekeeper] WARN  HikariPool -HikariPool-1 - Thread starvation or clock leap detected (housekeeper delta=1h33m27s739ms).
