19:50:29.511 [main] INFO  BackendApplication -Starting BackendApplication using Java 1.8.0_251 on joowingdeiMac-2.local with PID 15557 (/Users/joowing/Documents/project/backend/target/classes started by joowing in /Users/joowing/Documents/project/backend)
19:50:29.514 [main] INFO  BackendApplication -No active profile set, falling back to default profiles: default
19:50:30.594 [main] INFO  Http11NioProtocol -Initializing ProtocolHandler ["http-nio-80"]
19:50:30.594 [main] INFO  StandardService -Starting service [Tomcat]
19:50:30.594 [main] INFO  StandardEngine -Starting Servlet engine: [Apache Tomcat/9.0.44]
19:50:30.652 [main] INFO  [/] -Initializing Spring embedded WebApplicationContext
19:50:32.060 [main] INFO  Http11NioProtocol -Starting ProtocolHandler ["http-nio-80"]
19:50:32.093 [main] INFO  BackendApplication -Started BackendApplication in 2.971 seconds (JVM running for 3.356)
19:50:46.950 [http-nio-80-exec-1] INFO  [/] -Initializing Spring DispatcherServlet 'dispatcherServlet'
19:50:46.983 [http-nio-80-exec-1] INFO  HikariDataSource -HikariPool-1 - Starting...
19:50:47.247 [http-nio-80-exec-1] INFO  HikariDataSource -HikariPool-1 - Start completed.
19:50:47.335 [http-nio-80-exec-1] ERROR [dispatcherServlet] -Servlet.service() for servlet [dispatcherServlet] in context with path [] threw exception [Request processing failed; nested exception is org.springframework.jdbc.BadSqlGrammarException: 
### Error querying database.  Cause: java.sql.SQLSyntaxErrorException: Table 'backend.staff' doesn't exist
### The error may exist in file [/Users/joowing/Documents/project/backend/target/classes/mapper/BossRepository.xml]
### The error may involve defaultParameterMap
### The error occurred while setting parameters
### SQL: SELECT b.*,s.id AS sid,s.login_name,s.nick_name          FROM boss b         LEFT JOIN staff s ON staff.boss_id = b.id
### Cause: java.sql.SQLSyntaxErrorException: Table 'backend.staff' doesn't exist
; bad SQL grammar []; nested exception is java.sql.SQLSyntaxErrorException: Table 'backend.staff' doesn't exist] with root cause
java.sql.SQLSyntaxErrorException: Table 'backend.staff' doesn't exist
	at com.mysql.cj.jdbc.exceptions.SQLError.createSQLException(SQLError.java:120)
	at com.mysql.cj.jdbc.exceptions.SQLExceptionsMapping.translateException(SQLExceptionsMapping.java:122)
	at com.mysql.cj.jdbc.ClientPreparedStatement.executeInternal(ClientPreparedStatement.java:953)
	at com.mysql.cj.jdbc.ClientPreparedStatement.execute(ClientPreparedStatement.java:370)
	at com.zaxxer.hikari.pool.ProxyPreparedStatement.execute(ProxyPreparedStatement.java:44)
	at com.zaxxer.hikari.pool.HikariProxyPreparedStatement.execute(HikariProxyPreparedStatement.java)
	at sun.reflect.NativeMethodAccessorImpl.invoke0(Native Method)
	at sun.reflect.NativeMethodAccessorImpl.invoke(NativeMethodAccessorImpl.java:62)
	at sun.reflect.DelegatingMethodAccessorImpl.invoke(DelegatingMethodAccessorImpl.java:43)
	at java.lang.reflect.Method.invoke(Method.java:498)
	at org.apache.ibatis.logging.jdbc.PreparedStatementLogger.invoke(PreparedStatementLogger.java:59)
	at com.sun.proxy.$Proxy93.execute(Unknown Source)
	at org.apache.ibatis.executor.statement.PreparedStatementHandler.query(PreparedStatementHandler.java:64)
	at org.apache.ibatis.executor.statement.RoutingStatementHandler.query(RoutingStatementHandler.java:79)
	at com.baomidou.mybatisplus.core.executor.MybatisSimpleExecutor.doQuery(MybatisSimpleExecutor.java:67)
	at org.apache.ibatis.executor.BaseExecutor.queryFromDatabase(BaseExecutor.java:324)
	at org.apache.ibatis.executor.BaseExecutor.query(BaseExecutor.java:156)
	at com.baomidou.mybatisplus.core.executor.MybatisCachingExecutor.query(MybatisCachingExecutor.java:163)
	at com.baomidou.mybatisplus.core.executor.MybatisCachingExecutor.query(MybatisCachingExecutor.java:90)
	at org.apache.ibatis.session.defaults.DefaultSqlSession.selectList(DefaultSqlSession.java:147)
	at org.apache.ibatis.session.defaults.DefaultSqlSession.selectList(DefaultSqlSession.java:140)
	at sun.reflect.NativeMethodAccessorImpl.invoke0(Native Method)
	at sun.reflect.NativeMethodAccessorImpl.invoke(NativeMethodAccessorImpl.java:62)
	at sun.reflect.DelegatingMethodAccessorImpl.invoke(DelegatingMethodAccessorImpl.java:43)
	at java.lang.reflect.Method.invoke(Method.java:498)
	at org.mybatis.spring.SqlSessionTemplate$SqlSessionInterceptor.invoke(SqlSessionTemplate.java:426)
	at com.sun.proxy.$Proxy66.selectList(Unknown Source)
	at org.mybatis.spring.SqlSessionTemplate.selectList(SqlSessionTemplate.java:223)
	at com.baomidou.mybatisplus.core.override.MybatisMapperMethod.executeForMany(MybatisMapperMethod.java:177)
	at com.baomidou.mybatisplus.core.override.MybatisMapperMethod.execute(MybatisMapperMethod.java:78)
	at com.baomidou.mybatisplus.core.override.MybatisMapperProxy.invoke(MybatisMapperProxy.java:96)
	at com.sun.proxy.$Proxy67.list(Unknown Source)
	at sun.reflect.NativeMethodAccessorImpl.invoke0(Native Method)
	at sun.reflect.NativeMethodAccessorImpl.invoke(NativeMethodAccessorImpl.java:62)
	at sun.reflect.DelegatingMethodAccessorImpl.invoke(DelegatingMethodAccessorImpl.java:43)
	at java.lang.reflect.Method.invoke(Method.java:498)
	at org.springframework.aop.support.AopUtils.invokeJoinpointUsingReflection(AopUtils.java:344)
	at org.springframework.aop.framework.ReflectiveMethodInvocation.invokeJoinpoint(ReflectiveMethodInvocation.java:198)
	at org.springframework.aop.framework.ReflectiveMethodInvocation.proceed(ReflectiveMethodInvocation.java:163)
	at org.springframework.dao.support.PersistenceExceptionTranslationInterceptor.invoke(PersistenceExceptionTranslationInterceptor.java:137)
	at org.springframework.aop.framework.ReflectiveMethodInvocation.proceed(ReflectiveMethodInvocation.java:186)
	at org.springframework.aop.framework.JdkDynamicAopProxy.invoke(JdkDynamicAopProxy.java:215)
	at com.sun.proxy.$Proxy68.list(Unknown Source)
	at com.tian.backend.user.manager.BossServiceImpl.list(BossServiceImpl.java:23)
	at com.tian.backend.user.manager.BossServiceImpl$$FastClassBySpringCGLIB$$265e653d.invoke(<generated>)
	at org.springframework.cglib.proxy.MethodProxy.invoke(MethodProxy.java:218)
	at org.springframework.aop.framework.CglibAopProxy$DynamicAdvisedInterceptor.intercept(CglibAopProxy.java:688)
	at com.tian.backend.user.manager.BossServiceImpl$$EnhancerBySpringCGLIB$$a8e530be.list(<generated>)
	at com.tian.backend.user.controller.BossController.list(BossController.java:28)
	at sun.reflect.NativeMethodAccessorImpl.invoke0(Native Method)
	at sun.reflect.NativeMethodAccessorImpl.invoke(NativeMethodAccessorImpl.java:62)
	at sun.reflect.DelegatingMethodAccessorImpl.invoke(DelegatingMethodAccessorImpl.java:43)
	at java.lang.reflect.Method.invoke(Method.java:498)
	at org.springframework.web.method.support.InvocableHandlerMethod.doInvoke(InvocableHandlerMethod.java:197)
	at org.springframework.web.method.support.InvocableHandlerMethod.invokeForRequest(InvocableHandlerMethod.java:141)
	at org.springframework.web.servlet.mvc.method.annotation.ServletInvocableHandlerMethod.invokeAndHandle(ServletInvocableHandlerMethod.java:106)
	at org.springframework.web.servlet.mvc.method.annotation.RequestMappingHandlerAdapter.invokeHandlerMethod(RequestMappingHandlerAdapter.java:894)
	at org.springframework.web.servlet.mvc.method.annotation.RequestMappingHandlerAdapter.handleInternal(RequestMappingHandlerAdapter.java:808)
	at org.springframework.web.servlet.mvc.method.AbstractHandlerMethodAdapter.handle(AbstractHandlerMethodAdapter.java:87)
	at org.springframework.web.servlet.DispatcherServlet.doDispatch(DispatcherServlet.java:1060)
	at org.springframework.web.servlet.DispatcherServlet.doService(DispatcherServlet.java:962)
	at org.springframework.web.servlet.FrameworkServlet.processRequest(FrameworkServlet.java:1006)
	at org.springframework.web.servlet.FrameworkServlet.doGet(FrameworkServlet.java:898)
	at javax.servlet.http.HttpServlet.service(HttpServlet.java:626)
	at org.springframework.web.servlet.FrameworkServlet.service(FrameworkServlet.java:883)
	at javax.servlet.http.HttpServlet.service(HttpServlet.java:733)
	at org.apache.catalina.core.ApplicationFilterChain.internalDoFilter(ApplicationFilterChain.java:227)
	at org.apache.catalina.core.ApplicationFilterChain.doFilter(ApplicationFilterChain.java:162)
	at org.apache.tomcat.websocket.server.WsFilter.doFilter(WsFilter.java:53)
	at org.apache.catalina.core.ApplicationFilterChain.internalDoFilter(ApplicationFilterChain.java:189)
	at org.apache.catalina.core.ApplicationFilterChain.doFilter(ApplicationFilterChain.java:162)
	at org.springframework.web.filter.RequestContextFilter.doFilterInternal(RequestContextFilter.java:100)
	at org.springframework.web.filter.OncePerRequestFilter.doFilter(OncePerRequestFilter.java:119)
	at org.apache.catalina.core.ApplicationFilterChain.internalDoFilter(ApplicationFilterChain.java:189)
	at org.apache.catalina.core.ApplicationFilterChain.doFilter(ApplicationFilterChain.java:162)
	at org.springframework.web.filter.FormContentFilter.doFilterInternal(FormContentFilter.java:93)
	at org.springframework.web.filter.OncePerRequestFilter.doFilter(OncePerRequestFilter.java:119)
	at org.apache.catalina.core.ApplicationFilterChain.internalDoFilter(ApplicationFilterChain.java:189)
	at org.apache.catalina.core.ApplicationFilterChain.doFilter(ApplicationFilterChain.java:162)
	at org.springframework.web.filter.CharacterEncodingFilter.doFilterInternal(CharacterEncodingFilter.java:201)
	at org.springframework.web.filter.OncePerRequestFilter.doFilter(OncePerRequestFilter.java:119)
	at org.apache.catalina.core.ApplicationFilterChain.internalDoFilter(ApplicationFilterChain.java:189)
	at org.apache.catalina.core.ApplicationFilterChain.doFilter(ApplicationFilterChain.java:162)
	at org.apache.catalina.core.StandardWrapperValve.invoke(StandardWrapperValve.java:202)
	at org.apache.catalina.core.StandardContextValve.invoke(StandardContextValve.java:97)
	at org.apache.catalina.authenticator.AuthenticatorBase.invoke(AuthenticatorBase.java:542)
	at org.apache.catalina.core.StandardHostValve.invoke(StandardHostValve.java:143)
	at org.apache.catalina.valves.ErrorReportValve.invoke(ErrorReportValve.java:92)
	at org.apache.catalina.core.StandardEngineValve.invoke(StandardEngineValve.java:78)
	at org.apache.catalina.connector.CoyoteAdapter.service(CoyoteAdapter.java:357)
	at org.apache.coyote.http11.Http11Processor.service(Http11Processor.java:374)
	at org.apache.coyote.AbstractProcessorLight.process(AbstractProcessorLight.java:65)
	at org.apache.coyote.AbstractProtocol$ConnectionHandler.process(AbstractProtocol.java:893)
	at org.apache.tomcat.util.net.NioEndpoint$SocketProcessor.doRun(NioEndpoint.java:1707)
	at org.apache.tomcat.util.net.SocketProcessorBase.run(SocketProcessorBase.java:49)
	at java.util.concurrent.ThreadPoolExecutor.runWorker(ThreadPoolExecutor.java:1149)
	at java.util.concurrent.ThreadPoolExecutor$Worker.run(ThreadPoolExecutor.java:624)
	at org.apache.tomcat.util.threads.TaskThread$WrappingRunnable.run(TaskThread.java:61)
	at java.lang.Thread.run(Thread.java:748)
19:51:06.409 [SpringContextShutdownHook] INFO  HikariDataSource -HikariPool-1 - Shutdown initiated...
19:51:06.414 [SpringContextShutdownHook] INFO  HikariDataSource -HikariPool-1 - Shutdown completed.
19:51:10.174 [main] INFO  BackendApplication -Starting BackendApplication using Java 1.8.0_251 on joowingdeiMac-2.local with PID 15588 (/Users/joowing/Documents/project/backend/target/classes started by joowing in /Users/joowing/Documents/project/backend)
19:51:10.176 [main] INFO  BackendApplication -No active profile set, falling back to default profiles: default
19:51:11.136 [main] INFO  Http11NioProtocol -Initializing ProtocolHandler ["http-nio-80"]
19:51:11.136 [main] INFO  StandardService -Starting service [Tomcat]
19:51:11.136 [main] INFO  StandardEngine -Starting Servlet engine: [Apache Tomcat/9.0.44]
19:51:11.186 [main] INFO  [/] -Initializing Spring embedded WebApplicationContext
19:51:12.231 [main] INFO  Http11NioProtocol -Starting ProtocolHandler ["http-nio-80"]
19:51:12.262 [main] INFO  BackendApplication -Started BackendApplication in 2.426 seconds (JVM running for 2.8)
19:51:14.724 [http-nio-80-exec-1] INFO  [/] -Initializing Spring DispatcherServlet 'dispatcherServlet'
19:51:14.756 [http-nio-80-exec-1] INFO  HikariDataSource -HikariPool-1 - Starting...
19:51:15.004 [http-nio-80-exec-1] INFO  HikariDataSource -HikariPool-1 - Start completed.
19:51:15.082 [http-nio-80-exec-1] ERROR [dispatcherServlet] -Servlet.service() for servlet [dispatcherServlet] in context with path [] threw exception [Request processing failed; nested exception is org.springframework.jdbc.BadSqlGrammarException: 
### Error querying database.  Cause: java.sql.SQLSyntaxErrorException: Unknown column 'staff.boss_id' in 'on clause'
### The error may exist in file [/Users/joowing/Documents/project/backend/target/classes/mapper/BossRepository.xml]
### The error may involve defaultParameterMap
### The error occurred while setting parameters
### SQL: SELECT b.*,s.id AS sid,s.login_name,s.nick_name          FROM boss b         LEFT JOIN staffs s ON staff.boss_id = b.id
### Cause: java.sql.SQLSyntaxErrorException: Unknown column 'staff.boss_id' in 'on clause'
; bad SQL grammar []; nested exception is java.sql.SQLSyntaxErrorException: Unknown column 'staff.boss_id' in 'on clause'] with root cause
java.sql.SQLSyntaxErrorException: Unknown column 'staff.boss_id' in 'on clause'
	at com.mysql.cj.jdbc.exceptions.SQLError.createSQLException(SQLError.java:120)
	at com.mysql.cj.jdbc.exceptions.SQLExceptionsMapping.translateException(SQLExceptionsMapping.java:122)
	at com.mysql.cj.jdbc.ClientPreparedStatement.executeInternal(ClientPreparedStatement.java:953)
	at com.mysql.cj.jdbc.ClientPreparedStatement.execute(ClientPreparedStatement.java:370)
	at com.zaxxer.hikari.pool.ProxyPreparedStatement.execute(ProxyPreparedStatement.java:44)
	at com.zaxxer.hikari.pool.HikariProxyPreparedStatement.execute(HikariProxyPreparedStatement.java)
	at sun.reflect.NativeMethodAccessorImpl.invoke0(Native Method)
	at sun.reflect.NativeMethodAccessorImpl.invoke(NativeMethodAccessorImpl.java:62)
	at sun.reflect.DelegatingMethodAccessorImpl.invoke(DelegatingMethodAccessorImpl.java:43)
	at java.lang.reflect.Method.invoke(Method.java:498)
	at org.apache.ibatis.logging.jdbc.PreparedStatementLogger.invoke(PreparedStatementLogger.java:59)
	at com.sun.proxy.$Proxy93.execute(Unknown Source)
	at org.apache.ibatis.executor.statement.PreparedStatementHandler.query(PreparedStatementHandler.java:64)
	at org.apache.ibatis.executor.statement.RoutingStatementHandler.query(RoutingStatementHandler.java:79)
	at com.baomidou.mybatisplus.core.executor.MybatisSimpleExecutor.doQuery(MybatisSimpleExecutor.java:67)
	at org.apache.ibatis.executor.BaseExecutor.queryFromDatabase(BaseExecutor.java:324)
	at org.apache.ibatis.executor.BaseExecutor.query(BaseExecutor.java:156)
	at com.baomidou.mybatisplus.core.executor.MybatisCachingExecutor.query(MybatisCachingExecutor.java:163)
	at com.baomidou.mybatisplus.core.executor.MybatisCachingExecutor.query(MybatisCachingExecutor.java:90)
	at org.apache.ibatis.session.defaults.DefaultSqlSession.selectList(DefaultSqlSession.java:147)
	at org.apache.ibatis.session.defaults.DefaultSqlSession.selectList(DefaultSqlSession.java:140)
	at sun.reflect.NativeMethodAccessorImpl.invoke0(Native Method)
	at sun.reflect.NativeMethodAccessorImpl.invoke(NativeMethodAccessorImpl.java:62)
	at sun.reflect.DelegatingMethodAccessorImpl.invoke(DelegatingMethodAccessorImpl.java:43)
	at java.lang.reflect.Method.invoke(Method.java:498)
	at org.mybatis.spring.SqlSessionTemplate$SqlSessionInterceptor.invoke(SqlSessionTemplate.java:426)
	at com.sun.proxy.$Proxy66.selectList(Unknown Source)
	at org.mybatis.spring.SqlSessionTemplate.selectList(SqlSessionTemplate.java:223)
	at com.baomidou.mybatisplus.core.override.MybatisMapperMethod.executeForMany(MybatisMapperMethod.java:177)
	at com.baomidou.mybatisplus.core.override.MybatisMapperMethod.execute(MybatisMapperMethod.java:78)
	at com.baomidou.mybatisplus.core.override.MybatisMapperProxy.invoke(MybatisMapperProxy.java:96)
	at com.sun.proxy.$Proxy67.list(Unknown Source)
	at sun.reflect.NativeMethodAccessorImpl.invoke0(Native Method)
	at sun.reflect.NativeMethodAccessorImpl.invoke(NativeMethodAccessorImpl.java:62)
	at sun.reflect.DelegatingMethodAccessorImpl.invoke(DelegatingMethodAccessorImpl.java:43)
	at java.lang.reflect.Method.invoke(Method.java:498)
	at org.springframework.aop.support.AopUtils.invokeJoinpointUsingReflection(AopUtils.java:344)
	at org.springframework.aop.framework.ReflectiveMethodInvocation.invokeJoinpoint(ReflectiveMethodInvocation.java:198)
	at org.springframework.aop.framework.ReflectiveMethodInvocation.proceed(ReflectiveMethodInvocation.java:163)
	at org.springframework.dao.support.PersistenceExceptionTranslationInterceptor.invoke(PersistenceExceptionTranslationInterceptor.java:137)
	at org.springframework.aop.framework.ReflectiveMethodInvocation.proceed(ReflectiveMethodInvocation.java:186)
	at org.springframework.aop.framework.JdkDynamicAopProxy.invoke(JdkDynamicAopProxy.java:215)
	at com.sun.proxy.$Proxy68.list(Unknown Source)
	at com.tian.backend.user.manager.BossServiceImpl.list(BossServiceImpl.java:23)
	at com.tian.backend.user.manager.BossServiceImpl$$FastClassBySpringCGLIB$$265e653d.invoke(<generated>)
	at org.springframework.cglib.proxy.MethodProxy.invoke(MethodProxy.java:218)
	at org.springframework.aop.framework.CglibAopProxy$DynamicAdvisedInterceptor.intercept(CglibAopProxy.java:688)
	at com.tian.backend.user.manager.BossServiceImpl$$EnhancerBySpringCGLIB$$a8e530be.list(<generated>)
	at com.tian.backend.user.controller.BossController.list(BossController.java:28)
	at sun.reflect.NativeMethodAccessorImpl.invoke0(Native Method)
	at sun.reflect.NativeMethodAccessorImpl.invoke(NativeMethodAccessorImpl.java:62)
	at sun.reflect.DelegatingMethodAccessorImpl.invoke(DelegatingMethodAccessorImpl.java:43)
	at java.lang.reflect.Method.invoke(Method.java:498)
	at org.springframework.web.method.support.InvocableHandlerMethod.doInvoke(InvocableHandlerMethod.java:197)
	at org.springframework.web.method.support.InvocableHandlerMethod.invokeForRequest(InvocableHandlerMethod.java:141)
	at org.springframework.web.servlet.mvc.method.annotation.ServletInvocableHandlerMethod.invokeAndHandle(ServletInvocableHandlerMethod.java:106)
	at org.springframework.web.servlet.mvc.method.annotation.RequestMappingHandlerAdapter.invokeHandlerMethod(RequestMappingHandlerAdapter.java:894)
	at org.springframework.web.servlet.mvc.method.annotation.RequestMappingHandlerAdapter.handleInternal(RequestMappingHandlerAdapter.java:808)
	at org.springframework.web.servlet.mvc.method.AbstractHandlerMethodAdapter.handle(AbstractHandlerMethodAdapter.java:87)
	at org.springframework.web.servlet.DispatcherServlet.doDispatch(DispatcherServlet.java:1060)
	at org.springframework.web.servlet.DispatcherServlet.doService(DispatcherServlet.java:962)
	at org.springframework.web.servlet.FrameworkServlet.processRequest(FrameworkServlet.java:1006)
	at org.springframework.web.servlet.FrameworkServlet.doGet(FrameworkServlet.java:898)
	at javax.servlet.http.HttpServlet.service(HttpServlet.java:626)
	at org.springframework.web.servlet.FrameworkServlet.service(FrameworkServlet.java:883)
	at javax.servlet.http.HttpServlet.service(HttpServlet.java:733)
	at org.apache.catalina.core.ApplicationFilterChain.internalDoFilter(ApplicationFilterChain.java:227)
	at org.apache.catalina.core.ApplicationFilterChain.doFilter(ApplicationFilterChain.java:162)
	at org.apache.tomcat.websocket.server.WsFilter.doFilter(WsFilter.java:53)
	at org.apache.catalina.core.ApplicationFilterChain.internalDoFilter(ApplicationFilterChain.java:189)
	at org.apache.catalina.core.ApplicationFilterChain.doFilter(ApplicationFilterChain.java:162)
	at org.springframework.web.filter.RequestContextFilter.doFilterInternal(RequestContextFilter.java:100)
	at org.springframework.web.filter.OncePerRequestFilter.doFilter(OncePerRequestFilter.java:119)
	at org.apache.catalina.core.ApplicationFilterChain.internalDoFilter(ApplicationFilterChain.java:189)
	at org.apache.catalina.core.ApplicationFilterChain.doFilter(ApplicationFilterChain.java:162)
	at org.springframework.web.filter.FormContentFilter.doFilterInternal(FormContentFilter.java:93)
	at org.springframework.web.filter.OncePerRequestFilter.doFilter(OncePerRequestFilter.java:119)
	at org.apache.catalina.core.ApplicationFilterChain.internalDoFilter(ApplicationFilterChain.java:189)
	at org.apache.catalina.core.ApplicationFilterChain.doFilter(ApplicationFilterChain.java:162)
	at org.springframework.web.filter.CharacterEncodingFilter.doFilterInternal(CharacterEncodingFilter.java:201)
	at org.springframework.web.filter.OncePerRequestFilter.doFilter(OncePerRequestFilter.java:119)
	at org.apache.catalina.core.ApplicationFilterChain.internalDoFilter(ApplicationFilterChain.java:189)
	at org.apache.catalina.core.ApplicationFilterChain.doFilter(ApplicationFilterChain.java:162)
	at org.apache.catalina.core.StandardWrapperValve.invoke(StandardWrapperValve.java:202)
	at org.apache.catalina.core.StandardContextValve.invoke(StandardContextValve.java:97)
	at org.apache.catalina.authenticator.AuthenticatorBase.invoke(AuthenticatorBase.java:542)
	at org.apache.catalina.core.StandardHostValve.invoke(StandardHostValve.java:143)
	at org.apache.catalina.valves.ErrorReportValve.invoke(ErrorReportValve.java:92)
	at org.apache.catalina.core.StandardEngineValve.invoke(StandardEngineValve.java:78)
	at org.apache.catalina.connector.CoyoteAdapter.service(CoyoteAdapter.java:357)
	at org.apache.coyote.http11.Http11Processor.service(Http11Processor.java:374)
	at org.apache.coyote.AbstractProcessorLight.process(AbstractProcessorLight.java:65)
	at org.apache.coyote.AbstractProtocol$ConnectionHandler.process(AbstractProtocol.java:893)
	at org.apache.tomcat.util.net.NioEndpoint$SocketProcessor.doRun(NioEndpoint.java:1707)
	at org.apache.tomcat.util.net.SocketProcessorBase.run(SocketProcessorBase.java:49)
	at java.util.concurrent.ThreadPoolExecutor.runWorker(ThreadPoolExecutor.java:1149)
	at java.util.concurrent.ThreadPoolExecutor$Worker.run(ThreadPoolExecutor.java:624)
	at org.apache.tomcat.util.threads.TaskThread$WrappingRunnable.run(TaskThread.java:61)
	at java.lang.Thread.run(Thread.java:748)
19:51:37.060 [SpringContextShutdownHook] INFO  HikariDataSource -HikariPool-1 - Shutdown initiated...
19:51:37.065 [SpringContextShutdownHook] INFO  HikariDataSource -HikariPool-1 - Shutdown completed.
19:51:39.863 [main] INFO  BackendApplication -Starting BackendApplication using Java 1.8.0_251 on joowingdeiMac-2.local with PID 15598 (/Users/joowing/Documents/project/backend/target/classes started by joowing in /Users/joowing/Documents/project/backend)
19:51:39.865 [main] INFO  BackendApplication -No active profile set, falling back to default profiles: default
19:51:40.727 [main] INFO  Http11NioProtocol -Initializing ProtocolHandler ["http-nio-80"]
19:51:40.728 [main] INFO  StandardService -Starting service [Tomcat]
19:51:40.728 [main] INFO  StandardEngine -Starting Servlet engine: [Apache Tomcat/9.0.44]
19:51:40.780 [main] INFO  [/] -Initializing Spring embedded WebApplicationContext
19:51:41.774 [main] INFO  Http11NioProtocol -Starting ProtocolHandler ["http-nio-80"]
19:51:41.805 [main] INFO  BackendApplication -Started BackendApplication in 2.32 seconds (JVM running for 2.72)
19:51:44.173 [http-nio-80-exec-1] INFO  [/] -Initializing Spring DispatcherServlet 'dispatcherServlet'
19:51:44.204 [http-nio-80-exec-1] INFO  HikariDataSource -HikariPool-1 - Starting...
19:51:44.443 [http-nio-80-exec-1] INFO  HikariDataSource -HikariPool-1 - Start completed.
19:52:57.410 [SpringContextShutdownHook] INFO  HikariDataSource -HikariPool-1 - Shutdown initiated...
19:52:57.415 [SpringContextShutdownHook] INFO  HikariDataSource -HikariPool-1 - Shutdown completed.
19:53:00.362 [main] INFO  BackendApplication -Starting BackendApplication using Java 1.8.0_251 on joowingdeiMac-2.local with PID 15621 (/Users/joowing/Documents/project/backend/target/classes started by joowing in /Users/joowing/Documents/project/backend)
19:53:00.364 [main] INFO  BackendApplication -No active profile set, falling back to default profiles: default
19:53:01.208 [main] INFO  Http11NioProtocol -Initializing ProtocolHandler ["http-nio-80"]
19:53:01.209 [main] INFO  StandardService -Starting service [Tomcat]
19:53:01.209 [main] INFO  StandardEngine -Starting Servlet engine: [Apache Tomcat/9.0.44]
19:53:01.256 [main] INFO  [/] -Initializing Spring embedded WebApplicationContext
19:53:02.241 [main] INFO  Http11NioProtocol -Starting ProtocolHandler ["http-nio-80"]
19:53:02.271 [main] INFO  BackendApplication -Started BackendApplication in 2.294 seconds (JVM running for 2.687)
19:53:08.749 [http-nio-80-exec-1] INFO  [/] -Initializing Spring DispatcherServlet 'dispatcherServlet'
19:53:08.781 [http-nio-80-exec-1] INFO  HikariDataSource -HikariPool-1 - Starting...
19:53:09.019 [http-nio-80-exec-1] INFO  HikariDataSource -HikariPool-1 - Start completed.
20:00:00.000 [scheduling-1] INFO  AccessTokenJob -定时任务刷新accessToken开始 : 2021-06-24T20:00
20:00:00.129 [scheduling-1] INFO  AccessTokenJob -获取到的JSON为: {"errcode":40164,"errmsg":"invalid ip 116.236.17.59 ipv6 ::ffff:116.236.17.59, not in whitelist rid: 60d473c0-001090df-64f166dc"}
20:00:00.130 [scheduling-1] INFO  AccessTokenJob -定时任务刷新accessToken结束 : 2021-06-24T20:00:00.130 新的token为:null
20:29:59.996 [scheduling-1] INFO  AccessTokenJob -定时任务刷新accessToken开始 : 2021-06-24T20:29:59.996
20:30:00.130 [scheduling-1] INFO  AccessTokenJob -获取到的JSON为: {"errcode":40164,"errmsg":"invalid ip 116.236.17.59 ipv6 ::ffff:116.236.17.59, not in whitelist rid: 60d47ac8-779ececb-5e3581f0"}
20:30:00.130 [scheduling-1] INFO  AccessTokenJob -定时任务刷新accessToken结束 : 2021-06-24T20:30:00.130 新的token为:null
20:59:59.995 [scheduling-1] INFO  AccessTokenJob -定时任务刷新accessToken开始 : 2021-06-24T20:59:59.995
21:00:00.069 [scheduling-1] INFO  AccessTokenJob -获取到的JSON为: {"errcode":40164,"errmsg":"invalid ip 116.236.17.59 ipv6 ::ffff:116.236.17.59, not in whitelist rid: 60d481d0-3aed8b90-12f85d62"}
21:00:00.070 [scheduling-1] INFO  AccessTokenJob -定时任务刷新accessToken结束 : 2021-06-24T21:00:00.070 新的token为:null
21:29:59.993 [scheduling-1] INFO  AccessTokenJob -定时任务刷新accessToken开始 : 2021-06-24T21:29:59.993
21:30:00.078 [scheduling-1] INFO  AccessTokenJob -获取到的JSON为: {"errcode":40164,"errmsg":"invalid ip 116.236.17.59 ipv6 ::ffff:116.236.17.59, not in whitelist rid: 60d488d8-1511b0d3-3bba4630"}
21:30:00.079 [scheduling-1] INFO  AccessTokenJob -定时任务刷新accessToken结束 : 2021-06-24T21:30:00.079 新的token为:null
21:59:59.992 [scheduling-1] INFO  AccessTokenJob -定时任务刷新accessToken开始 : 2021-06-24T21:59:59.992
22:00:00.093 [scheduling-1] INFO  AccessTokenJob -获取到的JSON为: {"errcode":40164,"errmsg":"invalid ip 116.236.17.59 ipv6 ::ffff:116.236.17.59, not in whitelist rid: 60d48fe0-7fd2551f-10016d22"}
22:00:00.094 [scheduling-1] INFO  AccessTokenJob -定时任务刷新accessToken结束 : 2021-06-24T22:00:00.094 新的token为:null
22:29:59.998 [scheduling-1] INFO  AccessTokenJob -定时任务刷新accessToken开始 : 2021-06-24T22:29:59.998
22:30:00.118 [scheduling-1] INFO  AccessTokenJob -获取到的JSON为: {"errcode":40164,"errmsg":"invalid ip 116.236.17.59 ipv6 ::ffff:116.236.17.59, not in whitelist rid: 60d496e8-48db5993-3ea42ee1"}
22:30:00.118 [scheduling-1] INFO  AccessTokenJob -定时任务刷新accessToken结束 : 2021-06-24T22:30:00.118 新的token为:null
22:59:59.999 [scheduling-1] INFO  AccessTokenJob -定时任务刷新accessToken开始 : 2021-06-24T22:59:59.999
23:00:00.132 [scheduling-1] INFO  AccessTokenJob -获取到的JSON为: {"errcode":40164,"errmsg":"invalid ip 116.236.17.59 ipv6 ::ffff:116.236.17.59, not in whitelist rid: 60d49df0-490f2230-242b0499"}
23:00:00.132 [scheduling-1] INFO  AccessTokenJob -定时任务刷新accessToken结束 : 2021-06-24T23:00:00.132 新的token为:null
23:29:59.995 [scheduling-1] INFO  AccessTokenJob -定时任务刷新accessToken开始 : 2021-06-24T23:29:59.995
23:30:00.077 [scheduling-1] INFO  AccessTokenJob -获取到的JSON为: {"errcode":40164,"errmsg":"invalid ip 116.236.17.59 ipv6 ::ffff:116.236.17.59, not in whitelist rid: 60d4a4f8-3e51d741-0e03c33b"}
23:30:00.077 [scheduling-1] INFO  AccessTokenJob -定时任务刷新accessToken结束 : 2021-06-24T23:30:00.077 新的token为:null
